2025-04-07T13:41:37+00:00 DEBUG tt4b_product_delete: missing access token for tt4b_product_sync
2025-04-07T13:41:51+00:00 DEBUG tt4b_product_delete: missing access token for tt4b_product_sync
2025-04-07T13:42:25+00:00 DEBUG tt4b_product_delete: missing access token for tt4b_product_sync
2025-04-07T13:42:46+00:00 DEBUG tt4b_product_delete: missing access token for tt4b_product_sync
2025-04-07T13:42:58+00:00 DEBUG tt4b_product_delete: missing access token for tt4b_product_sync
2025-04-07T13:43:16+00:00 DEBUG tt4b_product_delete: missing access token for tt4b_product_sync
2025-04-07T13:43:28+00:00 DEBUG tt4b_product_delete: missing access token for tt4b_product_sync
2025-04-07T13:43:40+00:00 DEBUG tt4b_product_delete: missing access token for tt4b_product_sync
2025-04-07T14:50:36+00:00 DEBUG Tt4b_Pixel_Class::inject_view_content_event: hit ViewContent
2025-04-07T14:50:36+00:00 DEBUG Tt4b_Pixel_Class::inject_view_content_event: Missing option "access_token"
2025-04-07T14:55:30+00:00 DEBUG Tt4b_Pixel_Class::inject_view_content_event: hit ViewContent
2025-04-07T14:55:30+00:00 DEBUG Tt4b_Pixel_Class::inject_view_content_event: Missing option "access_token"
2025-04-07T14:59:58+00:00 DEBUG Tt4b_Pixel_Class::inject_initiate_checkout_event: hit InitiateCheckout
2025-04-07T14:59:58+00:00 DEBUG Tt4b_Pixel_Class::inject_initiate_checkout_event: Missing option "access_token"
2025-04-07T15:00:12+00:00 DEBUG Tt4b_Pixel_Class::inject_add_to_cart_event: hit AddToCart
2025-04-07T15:00:12+00:00 DEBUG Tt4b_Pixel_Class::inject_add_to_cart_event: Missing option "access_token"
2025-04-07T15:00:19+00:00 DEBUG Tt4b_Pixel_Class::inject_initiate_checkout_event: hit InitiateCheckout
2025-04-07T15:00:19+00:00 DEBUG Tt4b_Pixel_Class::inject_initiate_checkout_event: Missing option "access_token"
2025-04-07T15:06:22+00:00 DEBUG Tt4b_Pixel_Class::inject_view_content_event: hit ViewContent
2025-04-07T15:06:22+00:00 DEBUG Tt4b_Pixel_Class::inject_view_content_event: Missing option "access_token"
2025-04-07T15:07:44+00:00 DEBUG Tt4b_Pixel_Class::inject_view_content_event: hit ViewContent
2025-04-07T15:07:44+00:00 DEBUG Tt4b_Pixel_Class::inject_view_content_event: Missing option "access_token"
2025-04-07T15:44:47+00:00 DEBUG Tt4b_Pixel_Class::inject_view_content_event: hit ViewContent
2025-04-07T15:44:47+00:00 DEBUG Tt4b_Pixel_Class::inject_view_content_event: Missing option "access_token"
2025-04-07T15:47:04+00:00 DEBUG Tt4b_Pixel_Class::inject_initiate_checkout_event: hit InitiateCheckout
2025-04-07T15:47:04+00:00 DEBUG Tt4b_Pixel_Class::inject_initiate_checkout_event: Missing option "access_token"
2025-04-07T15:52:48+00:00 DEBUG Tt4b_Pixel_Class::inject_initiate_checkout_event: hit InitiateCheckout
2025-04-07T15:52:48+00:00 DEBUG Tt4b_Pixel_Class::inject_initiate_checkout_event: Missing option "access_token"
2025-04-07T15:53:16+00:00 DEBUG Tt4b_Pixel_Class::inject_purchase_event: hit Purchase
2025-04-07T15:53:16+00:00 DEBUG Tt4b_Pixel_Class::inject_purchase_event: Missing option "access_token"
